<?xml version="1.0" encoding="UTF-8"?>
<testsuite xmlns:xsi="http://www.w3.org/2001/XMLSchema-instance" xsi:noNamespaceSchemaLocation="https://maven.apache.org/surefire/maven-surefire-plugin/xsd/surefire-test-report-3.0.xsd" version="3.0" name="TestSuite" time="1.567" tests="2" errors="0" skipped="0" failures="0">
  <properties>
[...]
</properties>
  <testcase name="runScenario[&quot;Update pet status to &apos;sold&apos;&quot;, &quot;API testing&quot;](1)" classname="Runners.Run" time="0.065">
    <system-out><![CDATA[Status: available
Type of request: update
Contains: 200
Contains
]]></system-out>
    <system-err><![CDATA[SLF4J: Failed to load class "org.slf4j.impl.StaticLoggerBinder".
SLF4J: Defaulting to no-operation (NOP) logger implementation
SLF4J: See http://www.slf4j.org/codes.html#StaticLoggerBinder for further details.
]]></system-err>
  </testcase>
  <testcase name="runScenario[&quot;Delete pet&quot;, &quot;API testing&quot;](2)" classname="Runners.Run" time="0.006">
    <system-out><![CDATA[Id: id pet
Type of request: delete
Contains: 200
Contains
]]></system-out>
  </testcase>
</testsuite>