<?xml version="1.0" encoding="UTF-8"?>
<testng-results ignored="0" total="2" passed="2" failed="0" skipped="0">
  <reporter-output>
  </reporter-output>
  <suite started-at="2023-03-12T18:17:16 CET" name="All Test Suite" finished-at="2023-03-12T18:17:16 CET" duration-ms="482">
    <groups>
      <group name="cucumber">
        <method signature="AbstractTestNGCucumberTests.runScenario(io.cucumber.testng.PickleWrapper,io.cucumber.testng.FeatureWrapper)[pri:0, instance:Runners.Run@44ebcd03]" name="runScenario" class="io.cucumber.testng.AbstractTestNGCucumberTests"/>
      </group> <!-- cucumber -->
    </groups>
    <test started-at="2023-03-12T18:17:16 CET" name="C:/BlazeChallenge" finished-at="2023-03-12T18:17:16 CET" duration-ms="482">
      <class name="Runners.Run">
        <test-method is-config="true" signature="setUpClass(org.testng.ITestContext)[pri:0, instance:Runners.Run@44ebcd03]" started-at="2023-03-12T18:17:16 CET" name="setUpClass" finished-at="2023-03-12T18:17:16 CET" duration-ms="190" status="PASS">
          <params>
            <param index="0">
              <value>
                <![CDATA[org.testng.TestRunner@70c0a3d5]]>
              </value>
            </param>
          </params>
          <reporter-output>
          </reporter-output>
        </test-method> <!-- setUpClass -->
        <test-method signature="runScenario(io.cucumber.testng.PickleWrapper,io.cucumber.testng.FeatureWrapper)[pri:0, instance:Runners.Run@44ebcd03]" started-at="2023-03-12T18:17:16 CET" name="runScenario" description="Runs Cucumber Scenarios" data-provider="scenarios" finished-at="2023-03-12T18:17:16 CET" duration-ms="64" status="PASS">
          <params>
            <param index="0">
              <value>
                <![CDATA["Update pet status to 'sold'"]]>
              </value>
            </param>
            <param index="1">
              <value>
                <![CDATA["API testing"]]>
              </value>
            </param>
          </params>
          <reporter-output>
          </reporter-output>
        </test-method> <!-- runScenario -->
        <test-method signature="runScenario(io.cucumber.testng.PickleWrapper,io.cucumber.testng.FeatureWrapper)[pri:0, instance:Runners.Run@44ebcd03]" started-at="2023-03-12T18:17:16 CET" name="runScenario" description="Runs Cucumber Scenarios" data-provider="scenarios" finished-at="2023-03-12T18:17:16 CET" duration-ms="5" status="PASS">
          <params>
            <param index="0">
              <value>
                <![CDATA["Delete pet"]]>
              </value>
            </param>
            <param index="1">
              <value>
                <![CDATA["API testing"]]>
              </value>
            </param>
          </params>
          <reporter-output>
          </reporter-output>
        </test-method> <!-- runScenario -->
        <test-method is-config="true" signature="tearDownClass()[pri:0, instance:Runners.Run@44ebcd03]" started-at="2023-03-12T18:17:16 CET" name="tearDownClass" finished-at="2023-03-12T18:17:16 CET" duration-ms="193" status="PASS">
          <reporter-output>
          </reporter-output>
        </test-method> <!-- tearDownClass -->
        <test-method is-config="true" signature="generateReport()[pri:0, instance:Runners.Run@44ebcd03]" started-at="2023-03-12T18:17:16 CET" name="generateReport" finished-at="2023-03-12T18:17:17 CET" duration-ms="702" status="PASS">
          <reporter-output>
          </reporter-output>
        </test-method> <!-- generateReport -->
      </class> <!-- Runners.Run -->
    </test> <!-- C:/BlazeChallenge -->
  </suite> <!-- All Test Suite -->
</testng-results>
