<?xml version="1.0" encoding="UTF-8"?>
<testsuite xmlns:xsi="http://www.w3.org/2001/XMLSchema-instance" xsi:noNamespaceSchemaLocation="https://maven.apache.org/surefire/maven-surefire-plugin/xsd/surefire-test-report-3.0.xsd" version="3.0" name="TestSuite" time="0.672" tests="3" errors="0" skipped="0" failures="0">
  <properties>
[...]
</properties>
  <testcase name="runScenario[&quot;Add product to cart&quot;, &quot;UI Test&quot;](1)" classname="Runners.Run" time="0.062">
    <system-out><![CDATA[Access the application..
given the: HomePage
Navigate to: LaptopPage
Navigate to: Sony vaio i5Page
Click On: Add to cartbutton
The product...
]]></system-out>
    <system-err><![CDATA[SLF4J: Failed to load class "org.slf4j.impl.StaticLoggerBinder".
SLF4J: Defaulting to no-operation (NOP) logger implementation
SLF4J: See http://www.slf4j.org/codes.html#StaticLoggerBinder for further details.
]]></system-err>
  </testcase>
  <testcase name="runScenario[&quot;Add product to cart&quot;, &quot;UI Test&quot;](2)" classname="Runners.Run" time="0.008">
    <system-out><![CDATA[Access the application..
given the: HomePage
Navigate to: LaptopPage
Navigate to: Dell i7 8gbPage
Click On: Add to cartbutton
The product...
]]></system-out>
  </testcase>
  <testcase name="runScenario[&quot;Place order&quot;, &quot;UI Test&quot;](3)" classname="Runners.Run" time="0.005">
    <system-out><![CDATA[Access the application..
given the: CartPage
Click On: place orderbutton
Click On: OKbutton
The system..
]]></system-out>
  </testcase>
</testsuite>